<?xml version="1.0" encoding="utf-8"?>
<shfbBuild product="Sandcastle Help File Builder and Tools" version="2023.7.8.0" projectFile="C:\Users\ramya_mantripragada\source\repos\ArithmeticOperations\Sandcastle Technical Documentation\ArithmeticOperationTechDocs.shfbproj" started="2/2/2024 10:44:00 AM">
<buildStep step="Initializing">
The Sandcastle tools are located in &#39;C:\Program Files (x86)\EWSoftware\Sandcastle Help File Builder&#39;
Locating components in the following folder(s):
    C:\Users\ramya_mantripragada\source\repos\ArithmeticOperations\Sandcastle Technical Documentation\
    C:\Users\ramya_mantripragada\source\repos\ArithmeticOperations\Sandcastle Technical Documentation
    C:\ProgramData\EWSoftware\Sandcastle Help File Builder\Components and Plug-Ins
    C:\Program Files (x86)\EWSoftware\Sandcastle Help File Builder\Components
Using framework reflection data for &#39;.NET Framework 4.7.2&#39; located in &#39;C:\Program Files (x86)\EWSoftware\Sandcastle Help File Builder\Data\.NETFramework&#39;
Using presentation style &#39;Default2022&#39; located in &#39;C:\Program Files (x86)\EWSoftware\Sandcastle Help File Builder\Components\Default2022&#39;
Loading and initializing plug-ins...
Website Table of Contents Generator Version 2023.7.8.0
Copyright &#169; 2006-2023, Eric Woodruff, All Rights Reserved
-------------------------------
Clearing any prior web/markdown output...
</buildStep>
<buildStep step="ValidatingDocumentationSources">
Validating and copying documentation source information
Source: C:\Users\ramya_mantripragada\source\repos\ArithmeticOperations\ArithmeticOperations\bin\Debug\ArithmeticOperations.dll
    Found assembly &#39;C:\Users\ramya_mantripragada\source\repos\ArithmeticOperations\ArithmeticOperations\bin\Debug\ArithmeticOperations.dll&#39;
Source: C:\Users\ramya_mantripragada\source\repos\ArithmeticOperations\ArithmeticOperations\bin\Debug\ArithmeticOperations.xml

Copying XML comments files
    C:\Users\ramya_mantripragada\source\repos\ArithmeticOperations\ArithmeticOperations\bin\Debug\ArithmeticOperations.xml -&gt; C:\Users\ramya_mantripragada\source\repos\ArithmeticOperations\Sandcastle Technical Documentation\Help\Working\ArithmeticOperations.xml
</buildStep>
<buildStep step="GenerateSharedContent">
Generating shared content files (en-US, English (United States))...
    Last step completed in 00:00:00.0041
</buildStep>
<buildStep step="GenerateApiFilter">
Generating API filter for MRefBuilder...
    Last step completed in 00:00:00.0011
</buildStep>
<buildStep step="GenerateReflectionInfo">
Generating reflection information...
[C:\Program Files\Microsoft Visual Studio\2022\Community\MSBuild\Current\Bin\amd64\MSBuild.exe - GenerateRefInfo-1cd43da3-19fb-4da8-9cec-cdcda532d309.proj]
Build started 2/2/2024 10:44:01 AM.

Project &quot;C:\Users\ramya_mantripragada\source\repos\ArithmeticOperations\Sandcastle Technical Documentation\Help\Working\GenerateRefInfo-1cd43da3-19fb-4da8-9cec-cdcda532d309.proj&quot; on node 1 (default targets).
PrepareForBuild:
  Creating directory &quot;obj\Debug\&quot;.
GenerateRefInfo:
  Microsoft.Build (v17.8.5+b5265ef370a651f8c3458110b804e5cbf869eeb5)
  c Microsoft Corporation. All rights reserved.
  No source code context base path specified.  Source context information is unavailable.
  Loaded 1 assemblies for reflection and 1 dependency assemblies.
  Wrote information on 1 namespaces, 1 types, and 6 members
  Merging duplicate type and member information
  Merged 0 duplicate type(s) and 0 duplicate member(s)
Done Building Project &quot;C:\Users\ramya_mantripragada\source\repos\ArithmeticOperations\Sandcastle Technical Documentation\Help\Working\GenerateRefInfo-1cd43da3-19fb-4da8-9cec-cdcda532d309.proj&quot; (default targets).
    Last step completed in 00:00:00.6919
</buildStep>
<buildStep step="ApplyDocumentModel">
Applying document model to reflection output...
    Last step completed in 00:00:00.0030
</buildStep>
<buildStep step="AddApiTopicFilenames">
Adding topic filenames to API members...
    Last step completed in 00:00:00.0021
</buildStep>
<buildStep step="GenerateApiTopicManifest">
Generating API topic manifest...
    Last step completed in 00:00:00.0015
</buildStep>
<buildStep step="GenerateNamespaceSummaries">
Generating namespace summary information...
    Last step completed in 00:00:00.0022
</buildStep>
<buildStep step="CopyAdditionalContent">
Copying additional content files...
No additional content to copy
    Last step completed in 00:00:00.0000
</buildStep>
<buildStep step="MergeTablesOfContents">
Merging conceptual and additional tables of contents...
    Last step completed in 00:00:00.0000
</buildStep>
<buildStep step="GenerateIntermediateTableOfContents">
Generating intermediate table of contents file for API content...
Generating conceptual content intermediate TOC file...
    Last step completed in 00:00:00.0034
</buildStep>
<buildStep step="CreateBuildAssemblerConfigs">
Creating Sandcastle configuration files...
    Last step completed in 00:00:00.0945
</buildStep>
<buildStep step="CombiningIntermediateTocFiles">
Combining conceptual and API intermediate TOC files...
    Last step completed in 00:00:00.0010
</buildStep>
<buildStep step="MergeCustomConfigs">
Merging custom build component configurations
C:\Users\ramya_mantripragada\source\repos\ArithmeticOperations\Sandcastle Technical Documentation\Help\Working\BuildAssembler.config
  Updating reference topic configurations.
  No conceptual content.  Removing conceptual content components.
    Last step completed in 00:00:00.0050
</buildStep>
<buildStep step="BuildTopics">
Building help topics...
<plugIn name="Website Table of Contents Generator" behavior="Before" priority="1000">
Loading TOC info and adding unique IDs to parent nodes
</plugIn>Loading configuration...
Processing topics...
Processed 9 topic(s)
CopyFromIndexComponent: &quot;reflection&quot; in-memory cache entries used: 2 of 15.
CopyFromIndexComponent: &quot;comments&quot; in-memory cache entries used: 2 of 30.
ResolveReferenceLinksComponent: 9 entries added to the member ID URL cache.  New cache size: 9 entries
<plugIn name="Website Table of Contents Generator" behavior="After" priority="1000">
Generating TOC fragment files
</plugIn>    Last step completed in 00:00:03.7013
</buildStep>
<buildStep step="CopyStandardHelpContent">
Copying standard help content...
C:\Program Files (x86)\EWSoftware\Sandcastle Help File Builder\Components\Default2022\css\bulma.css -&gt; C:\Users\ramya_mantripragada\source\repos\ArithmeticOperations\Sandcastle Technical Documentation\Help\Working\Output\Website\css\bulma.css
C:\Program Files (x86)\EWSoftware\Sandcastle Help File Builder\Components\Default2022\css\bulma.css.map -&gt; C:\Users\ramya_mantripragada\source\repos\ArithmeticOperations\Sandcastle Technical Documentation\Help\Working\Output\Website\css\bulma.css.map
C:\Program Files (x86)\EWSoftware\Sandcastle Help File Builder\Components\Default2022\css\bulma.min.css -&gt; C:\Users\ramya_mantripragada\source\repos\ArithmeticOperations\Sandcastle Technical Documentation\Help\Working\Output\Website\css\bulma.min.css
C:\Program Files (x86)\EWSoftware\Sandcastle Help File Builder\Components\Default2022\css\font-awesome.css -&gt; C:\Users\ramya_mantripragada\source\repos\ArithmeticOperations\Sandcastle Technical Documentation\Help\Working\Output\Website\css\font-awesome.css
C:\Program Files (x86)\EWSoftware\Sandcastle Help File Builder\Components\Default2022\css\font-awesome.min.css -&gt; C:\Users\ramya_mantripragada\source\repos\ArithmeticOperations\Sandcastle Technical Documentation\Help\Working\Output\Website\css\font-awesome.min.css
C:\Program Files (x86)\EWSoftware\Sandcastle Help File Builder\Components\Default2022\css\ja-JP.css -&gt; C:\Users\ramya_mantripragada\source\repos\ArithmeticOperations\Sandcastle Technical Documentation\Help\Working\Output\Website\css\ja-JP.css
C:\Program Files (x86)\EWSoftware\Sandcastle Help File Builder\Components\Default2022\css\ko-KR.css -&gt; C:\Users\ramya_mantripragada\source\repos\ArithmeticOperations\Sandcastle Technical Documentation\Help\Working\Output\Website\css\ko-KR.css
C:\Program Files (x86)\EWSoftware\Sandcastle Help File Builder\Components\Default2022\css\presentationStyle.css -&gt; C:\Users\ramya_mantripragada\source\repos\ArithmeticOperations\Sandcastle Technical Documentation\Help\Working\Output\Website\css\presentationStyle.css
C:\Program Files (x86)\EWSoftware\Sandcastle Help File Builder\Components\Default2022\css\vs.min.css -&gt; C:\Users\ramya_mantripragada\source\repos\ArithmeticOperations\Sandcastle Technical Documentation\Help\Working\Output\Website\css\vs.min.css
C:\Program Files (x86)\EWSoftware\Sandcastle Help File Builder\Components\Default2022\css\zh-CN.css -&gt; C:\Users\ramya_mantripragada\source\repos\ArithmeticOperations\Sandcastle Technical Documentation\Help\Working\Output\Website\css\zh-CN.css
C:\Program Files (x86)\EWSoftware\Sandcastle Help File Builder\Components\Default2022\css\zh-TW.css -&gt; C:\Users\ramya_mantripragada\source\repos\ArithmeticOperations\Sandcastle Technical Documentation\Help\Working\Output\Website\css\zh-TW.css
C:\Program Files (x86)\EWSoftware\Sandcastle Help File Builder\Components\Default2022\icons\favicon.ico -&gt; C:\Users\ramya_mantripragada\source\repos\ArithmeticOperations\Sandcastle Technical Documentation\Help\Working\Output\Website\icons\favicon.ico
C:\Program Files (x86)\EWSoftware\Sandcastle Help File Builder\Components\Default2022\scripts\clipboard.min.js -&gt; C:\Users\ramya_mantripragada\source\repos\ArithmeticOperations\Sandcastle Technical Documentation\Help\Working\Output\Website\scripts\clipboard.min.js
C:\Program Files (x86)\EWSoftware\Sandcastle Help File Builder\Components\Default2022\scripts\highlight.min.js -&gt; C:\Users\ramya_mantripragada\source\repos\ArithmeticOperations\Sandcastle Technical Documentation\Help\Working\Output\Website\scripts\highlight.min.js
C:\Program Files (x86)\EWSoftware\Sandcastle Help File Builder\Components\Default2022\scripts\jquery-3.5.1.min.js -&gt; C:\Users\ramya_mantripragada\source\repos\ArithmeticOperations\Sandcastle Technical Documentation\Help\Working\Output\Website\scripts\jquery-3.5.1.min.js
C:\Program Files (x86)\EWSoftware\Sandcastle Help File Builder\Components\Default2022\scripts\presentationStyle.js -&gt; C:\Users\ramya_mantripragada\source\repos\ArithmeticOperations\Sandcastle Technical Documentation\Help\Working\Output\Website\scripts\presentationStyle.js
C:\Program Files (x86)\EWSoftware\Sandcastle Help File Builder\Components\Default2022\webfonts\fa-brands-400.ttf -&gt; C:\Users\ramya_mantripragada\source\repos\ArithmeticOperations\Sandcastle Technical Documentation\Help\Working\Output\Website\webfonts\fa-brands-400.ttf
C:\Program Files (x86)\EWSoftware\Sandcastle Help File Builder\Components\Default2022\webfonts\fa-brands-400.woff2 -&gt; C:\Users\ramya_mantripragada\source\repos\ArithmeticOperations\Sandcastle Technical Documentation\Help\Working\Output\Website\webfonts\fa-brands-400.woff2
C:\Program Files (x86)\EWSoftware\Sandcastle Help File Builder\Components\Default2022\webfonts\fa-regular-400.ttf -&gt; C:\Users\ramya_mantripragada\source\repos\ArithmeticOperations\Sandcastle Technical Documentation\Help\Working\Output\Website\webfonts\fa-regular-400.ttf
C:\Program Files (x86)\EWSoftware\Sandcastle Help File Builder\Components\Default2022\webfonts\fa-regular-400.woff2 -&gt; C:\Users\ramya_mantripragada\source\repos\ArithmeticOperations\Sandcastle Technical Documentation\Help\Working\Output\Website\webfonts\fa-regular-400.woff2
C:\Program Files (x86)\EWSoftware\Sandcastle Help File Builder\Components\Default2022\webfonts\fa-solid-900.ttf -&gt; C:\Users\ramya_mantripragada\source\repos\ArithmeticOperations\Sandcastle Technical Documentation\Help\Working\Output\Website\webfonts\fa-solid-900.ttf
C:\Program Files (x86)\EWSoftware\Sandcastle Help File Builder\Components\Default2022\webfonts\fa-solid-900.woff2 -&gt; C:\Users\ramya_mantripragada\source\repos\ArithmeticOperations\Sandcastle Technical Documentation\Help\Working\Output\Website\webfonts\fa-solid-900.woff2
C:\Program Files (x86)\EWSoftware\Sandcastle Help File Builder\Components\Default2022\webfonts\fa-v4compatibility.ttf -&gt; C:\Users\ramya_mantripragada\source\repos\ArithmeticOperations\Sandcastle Technical Documentation\Help\Working\Output\Website\webfonts\fa-v4compatibility.ttf
C:\Program Files (x86)\EWSoftware\Sandcastle Help File Builder\Components\Default2022\webfonts\fa-v4compatibility.woff2 -&gt; C:\Users\ramya_mantripragada\source\repos\ArithmeticOperations\Sandcastle Technical Documentation\Help\Working\Output\Website\webfonts\fa-v4compatibility.woff2
C:\Program Files (x86)\EWSoftware\Sandcastle Help File Builder\Components\Default2022\RootWebsiteContent\GeneralError.html -&gt; C:\Users\ramya_mantripragada\source\repos\ArithmeticOperations\Sandcastle Technical Documentation\Help\Working\Output\Website\GeneralError.html
C:\Program Files (x86)\EWSoftware\Sandcastle Help File Builder\Components\Default2022\RootWebsiteContent\index.html -&gt; C:\Users\ramya_mantripragada\source\repos\ArithmeticOperations\Sandcastle Technical Documentation\Help\Working\Output\Website\index.html
C:\Program Files (x86)\EWSoftware\Sandcastle Help File Builder\Components\Default2022\RootWebsiteContent\PageNotFound.html -&gt; C:\Users\ramya_mantripragada\source\repos\ArithmeticOperations\Sandcastle Technical Documentation\Help\Working\Output\Website\PageNotFound.html
C:\Program Files (x86)\EWSoftware\Sandcastle Help File Builder\Components\Default2022\RootWebsiteContent\search.html -&gt; C:\Users\ramya_mantripragada\source\repos\ArithmeticOperations\Sandcastle Technical Documentation\Help\Working\Output\Website\search.html
C:\Program Files (x86)\EWSoftware\Sandcastle Help File Builder\Components\Default2022\RootWebsiteContent\SearchHelp.aspx -&gt; C:\Users\ramya_mantripragada\source\repos\ArithmeticOperations\Sandcastle Technical Documentation\Help\Working\Output\Website\SearchHelp.aspx
C:\Program Files (x86)\EWSoftware\Sandcastle Help File Builder\Components\Default2022\RootWebsiteContent\SearchHelp.inc.php -&gt; C:\Users\ramya_mantripragada\source\repos\ArithmeticOperations\Sandcastle Technical Documentation\Help\Working\Output\Website\SearchHelp.inc.php
C:\Program Files (x86)\EWSoftware\Sandcastle Help File Builder\Components\Default2022\RootWebsiteContent\SearchHelp.php -&gt; C:\Users\ramya_mantripragada\source\repos\ArithmeticOperations\Sandcastle Technical Documentation\Help\Working\Output\Website\SearchHelp.php
C:\Program Files (x86)\EWSoftware\Sandcastle Help File Builder\Components\Default2022\RootWebsiteContent\Web.Config -&gt; C:\Users\ramya_mantripragada\source\repos\ArithmeticOperations\Sandcastle Technical Documentation\Help\Working\Output\Website\Web.Config
    Last step completed in 00:00:00.1033
</buildStep>
<buildStep step="GenerateFullTextIndex">
Generating full-text index for the website...

    Last step completed in 00:00:00.0381
</buildStep>
<buildStep step="CopyingWebsiteFiles">
Copying website files to output folder...

Copied 66 files for the website content
    Last step completed in 00:00:00.2405
</buildStep>
<buildStep step="CleanIntermediates">
Removing intermediate files...
    Last step completed in 00:00:00.0147
</buildStep>
<buildStep step="Completed">

Build completed successfully at 2/2/2024 10:44:06 AM.  Total time: 00:00:05.2643

</buildStep>
</shfbBuild>
